<?xml version="1.0" encoding="UTF-8"?>
<!-- Generated by org.testng.reporters.JUnitReportReporter -->
<testsuite hostname="Sumedha" name="com.flipkart.testcases.SignUp" tests="2" failures="0" timestamp="2 Jul 2019 17:44:59 GMT" time="13.421" errors="0">
  <testcase name="openSignup" time="12.330" classname="com.flipkart.testcases.SignUp"/>
  <testcase name="signup" time="1.091" classname="com.flipkart.testcases.SignUp"/>
</testsuite> <!-- com.flipkart.testcases.SignUp -->
