<?xml version="1.0" encoding="UTF-8"?>
<!-- Generated by org.testng.reporters.JUnitReportReporter -->
<testsuite hostname="Sumedha" name="com.flipkart.pages.closePoup" tests="1" failures="0" timestamp="1 Jul 2019 10:58:27 GMT" time="35.877" errors="0">
  <testcase name="closePopupWindow" time="35.877" classname="com.flipkart.pages.closePoup"/>
</testsuite> <!-- com.flipkart.pages.closePoup -->
