<?xml version="1.0" encoding="UTF-8"?>
<!-- Generated by org.testng.reporters.JUnitReportReporter -->
<testsuite hostname="Sumedha" name="com.flipkart.utility.HandleWindow" tests="1" failures="0" timestamp="2 Jul 2019 12:12:52 GMT" time="55.810" errors="0">
  <testcase name="switchWindow" time="55.810" classname="com.flipkart.utility.HandleWindow"/>
</testsuite> <!-- com.flipkart.utility.HandleWindow -->
