<?xml version="1.0" encoding="UTF-8"?>
<!-- Generated by org.testng.reporters.JUnitReportReporter -->
<testsuite hostname="Sumedha" name="com.flipkart.testcases.OpenMenu" tests="1" failures="0" timestamp="1 Jul 2019 15:15:12 GMT" time="13.350" errors="0">
  <testcase name="hoverParentMenu" time="13.350" classname="com.flipkart.testcases.OpenMenu"/>
</testsuite> <!-- com.flipkart.testcases.OpenMenu -->
